{"name":"test demo 2","status":"failed","statusDetails":{"known":false,"muted":false,"flaky":false,"message":"Logo isn't displayed expected [true] but found [false]","trace":"java.lang.AssertionError: Logo isn't displayed expected [true] but found [false]\r\n\tat org.testng.Assert.fail(Assert.java:96)\r\n\tat org.testng.Assert.failNotEquals(Assert.java:776)\r\n\tat org.testng.Assert.assertTrue(Assert.java:44)\r\n\tat com.framework.smoke.TestCase2.test_2(TestCase2.java:24)\r\n\tat sun.reflect.NativeMethodAccessorImpl.invoke0(Native Method)\r\n\tat sun.reflect.NativeMethodAccessorImpl.invoke(NativeMethodAccessorImpl.java:62)\r\n\tat sun.reflect.DelegatingMethodAccessorImpl.invoke(DelegatingMethodAccessorImpl.java:43)\r\n\tat java.lang.reflect.Method.invoke(Method.java:498)\r\n\tat org.testng.internal.MethodInvocationHelper.invokeMethod(MethodInvocationHelper.java:124)\r\n\tat org.testng.internal.Invoker.invokeMethod(Invoker.java:583)\r\n\tat org.testng.internal.Invoker.invokeTestMethod(Invoker.java:719)\r\n\tat org.testng.internal.Invoker.invokeTestMethods(Invoker.java:989)\r\n\tat org.testng.internal.TestMethodWorker.invokeTestMethods(TestMethodWorker.java:125)\r\n\tat org.testng.internal.TestMethodWorker.run(TestMethodWorker.java:109)\r\n\tat org.testng.TestRunner.privateRun(TestRunner.java:648)\r\n\tat org.testng.TestRunner.run(TestRunner.java:505)\r\n\tat org.testng.SuiteRunner.runTest(SuiteRunner.java:455)\r\n\tat org.testng.SuiteRunner.access$000(SuiteRunner.java:40)\r\n\tat org.testng.SuiteRunner$SuiteWorker.run(SuiteRunner.java:489)\r\n\tat org.testng.internal.thread.ThreadUtil$1.call(ThreadUtil.java:52)\r\n\tat java.util.concurrent.FutureTask.run(FutureTask.java:266)\r\n\tat java.util.concurrent.ThreadPoolExecutor.runWorker(ThreadPoolExecutor.java:1149)\r\n\tat java.util.concurrent.ThreadPoolExecutor$Worker.run(ThreadPoolExecutor.java:624)\r\n\tat java.lang.Thread.run(Thread.java:748)\r\n"},"stage":"finished","description":"test description 2","steps":[{"name":"verify logo is present ","status":"passed","stage":"finished","steps":[],"attachments":[],"parameters":[{"name":"message","value":"verify logo is present "}],"start":1577857338418,"stop":1577857338419},{"name":" Element Not found: Expected condition failed: Finding Element (tried for 60 second(s) with 500 milliseconds interval)","status":"passed","stage":"finished","steps":[],"attachments":[],"parameters":[{"name":"message","value":" Element Not found: Expected condition failed: Finding Element (tried for 60 second(s) with 500 milliseconds interval)"}],"start":1577857401079,"stop":1577857401079},{"name":"org.apache.http.conn.HttpHostConnectException: Connect to localhost:9200 [localhost/127.0.0.1, localhost/0:0:0:0:0:0:0:1] failed: Connection refused: connect","status":"passed","stage":"finished","steps":[],"attachments":[],"parameters":[{"name":"message","value":"org.apache.http.conn.HttpHostConnectException: Connect to localhost:9200 [localhost/127.0.0.1, localhost/0:0:0:0:0:0:0:1] failed: Connection refused: connect"}],"start":1577857404212,"stop":1577857404212}],"attachments":[{"name":"page screenshot","source":"5db8cf12-f2c1-41df-856b-fb0627f9352d-attachment"}],"parameters":[{"name":"browserName","value":"firefox"}],"start":1577857338417,"stop":1577857404213,"uuid":"6d034d38-1cfe-43e0-870e-6887960670a0","historyId":"5389f798fa14fbeeabc389a408bd8de1","fullName":"com.framework.smoke.TestCase2.test_2","labels":[{"name":"package","value":"com.framework.smoke.TestCase2"},{"name":"testClass","value":"com.framework.smoke.TestCase2"},{"name":"testMethod","value":"test_2"},{"name":"parentSuite","value":"Test Suite - framework"},{"name":"suite","value":"firefox_Test "},{"name":"subSuite","value":"com.framework.smoke.TestCase2"},{"name":"host","value":"WKWIN1197952"},{"name":"thread","value":"18356@WKWIN1197952.TestNG-tests-2(21)"},{"name":"framework","value":"testng"},{"name":"language","value":"java"}],"links":[]}