<?xml version="1.0" encoding="UTF-8"?>
<testng-results skipped="0" failed="2" ignored="4" total="8" passed="2">
  <reporter-output>
  </reporter-output>
  <suite name="Test Suite - framework" duration-ms="171260" started-at="2020-01-01T05:42:04Z" finished-at="2020-01-01T05:44:55Z">
    <groups>
    </groups>
    <test name="chrome_Test " duration-ms="165710" started-at="2020-01-01T05:42:04Z" finished-at="2020-01-01T05:44:50Z">
      <class name="com.framework.smoke.TestCase1">
        <test-method status="PASS" signature="tearUp(java.lang.String)[pri:0, instance:com.framework.smoke.TestCase1@47dbb1e2]" name="tearUp" is-config="true" duration-ms="6659" started-at="2020-01-01T05:43:29Z" finished-at="2020-01-01T05:43:36Z">
          <params>
            <param index="0">
              <value>
                <![CDATA[chrome]]>
              </value>
            </param>
          </params>
          <reporter-output>
          </reporter-output>
        </test-method> <!-- tearUp -->
        <test-method status="PASS" signature="test_1()[pri:0, instance:com.framework.smoke.TestCase1@47dbb1e2]" name="test_1" duration-ms="64122" started-at="2020-01-01T05:43:36Z" description="test demo 1" finished-at="2020-01-01T05:44:40Z">
          <reporter-output>
          </reporter-output>
        </test-method> <!-- test_1 -->
        <test-method status="PASS" signature="tearDown()[pri:0, instance:com.framework.smoke.TestCase1@47dbb1e2]" name="tearDown" is-config="true" duration-ms="7887" started-at="2020-01-01T05:44:42Z" finished-at="2020-01-01T05:44:50Z">
          <reporter-output>
          </reporter-output>
        </test-method> <!-- tearDown -->
      </class> <!-- com.framework.smoke.TestCase1 -->
      <class name="com.framework.smoke.TestCase2">
        <test-method status="PASS" signature="tearUp(java.lang.String)[pri:0, instance:com.framework.smoke.TestCase2@62fad19]" name="tearUp" is-config="true" duration-ms="9719" started-at="2020-01-01T05:42:04Z" finished-at="2020-01-01T05:42:14Z">
          <params>
            <param index="0">
              <value>
                <![CDATA[chrome]]>
              </value>
            </param>
          </params>
          <reporter-output>
          </reporter-output>
        </test-method> <!-- tearUp -->
        <test-method status="FAIL" signature="test_2()[pri:0, instance:com.framework.smoke.TestCase2@62fad19]" name="test_2" duration-ms="64408" started-at="2020-01-01T05:42:14Z" description="test demo 2" finished-at="2020-01-01T05:43:18Z">
          <exception class="java.lang.AssertionError">
            <message>
              <![CDATA[Logo isn't displayed expected [true] but found [false]]]>
            </message>
            <full-stacktrace>
              <![CDATA[java.lang.AssertionError: Logo isn't displayed expected [true] but found [false]
at org.testng.Assert.fail(Assert.java:96)
at org.testng.Assert.failNotEquals(Assert.java:776)
at org.testng.Assert.assertTrue(Assert.java:44)
at com.framework.smoke.TestCase2.test_2(TestCase2.java:24)
at sun.reflect.NativeMethodAccessorImpl.invoke0(Native Method)
at sun.reflect.NativeMethodAccessorImpl.invoke(NativeMethodAccessorImpl.java:62)
at sun.reflect.DelegatingMethodAccessorImpl.invoke(DelegatingMethodAccessorImpl.java:43)
at java.lang.reflect.Method.invoke(Method.java:498)
at org.testng.internal.MethodInvocationHelper.invokeMethod(MethodInvocationHelper.java:124)
at org.testng.internal.Invoker.invokeMethod(Invoker.java:583)
at org.testng.internal.Invoker.invokeTestMethod(Invoker.java:719)
at org.testng.internal.Invoker.invokeTestMethods(Invoker.java:989)
at org.testng.internal.TestMethodWorker.invokeTestMethods(TestMethodWorker.java:125)
at org.testng.internal.TestMethodWorker.run(TestMethodWorker.java:109)
at org.testng.TestRunner.privateRun(TestRunner.java:648)
at org.testng.TestRunner.run(TestRunner.java:505)
at org.testng.SuiteRunner.runTest(SuiteRunner.java:455)
at org.testng.SuiteRunner.access$000(SuiteRunner.java:40)
at org.testng.SuiteRunner$SuiteWorker.run(SuiteRunner.java:489)
at org.testng.internal.thread.ThreadUtil$1.call(ThreadUtil.java:52)
at java.util.concurrent.FutureTask.run(FutureTask.java:266)
at java.util.concurrent.ThreadPoolExecutor.runWorker(ThreadPoolExecutor.java:1149)
at java.util.concurrent.ThreadPoolExecutor$Worker.run(ThreadPoolExecutor.java:624)
at java.lang.Thread.run(Thread.java:748)
]]>
            </full-stacktrace>
          </exception> <!-- java.lang.AssertionError -->
          <reporter-output>
          </reporter-output>
        </test-method> <!-- test_2 -->
        <test-method status="PASS" signature="tearDown()[pri:0, instance:com.framework.smoke.TestCase2@62fad19]" name="tearDown" is-config="true" duration-ms="8072" started-at="2020-01-01T05:43:21Z" finished-at="2020-01-01T05:43:29Z">
          <reporter-output>
          </reporter-output>
        </test-method> <!-- tearDown -->
      </class> <!-- com.framework.smoke.TestCase2 -->
    </test> <!-- chrome_Test  -->
    <test name="firefox_Test " duration-ms="171260" started-at="2020-01-01T05:42:04Z" finished-at="2020-01-01T05:44:55Z">
      <class name="com.framework.smoke.TestCase1">
        <test-method status="PASS" signature="tearUp(java.lang.String)[pri:0, instance:com.framework.smoke.TestCase1@6f0ca692]" name="tearUp" is-config="true" duration-ms="8448" started-at="2020-01-01T05:43:32Z" finished-at="2020-01-01T05:43:41Z">
          <params>
            <param index="0">
              <value>
                <![CDATA[firefox]]>
              </value>
            </param>
          </params>
          <reporter-output>
          </reporter-output>
        </test-method> <!-- tearUp -->
        <test-method status="PASS" signature="test_1()[pri:0, instance:com.framework.smoke.TestCase1@6f0ca692]" name="test_1" duration-ms="63953" started-at="2020-01-01T05:43:41Z" description="test demo 1" finished-at="2020-01-01T05:44:45Z">
          <reporter-output>
          </reporter-output>
        </test-method> <!-- test_1 -->
        <test-method status="PASS" signature="tearDown()[pri:0, instance:com.framework.smoke.TestCase1@6f0ca692]" name="tearDown" is-config="true" duration-ms="8445" started-at="2020-01-01T05:44:47Z" finished-at="2020-01-01T05:44:55Z">
          <reporter-output>
          </reporter-output>
        </test-method> <!-- tearDown -->
      </class> <!-- com.framework.smoke.TestCase1 -->
      <class name="com.framework.smoke.TestCase2">
        <test-method status="PASS" signature="setAllureEnvironment()[pri:0, instance:com.framework.smoke.TestCase2@4ba534b0]" name="setAllureEnvironment" is-config="true" duration-ms="10850" started-at="2020-01-01T05:41:53Z" finished-at="2020-01-01T05:42:04Z">
          <reporter-output>
          </reporter-output>
        </test-method> <!-- setAllureEnvironment -->
        <test-method status="PASS" signature="tearUp(java.lang.String)[pri:0, instance:com.framework.smoke.TestCase2@4ba534b0]" name="tearUp" is-config="true" duration-ms="13871" started-at="2020-01-01T05:42:04Z" finished-at="2020-01-01T05:42:18Z">
          <params>
            <param index="0">
              <value>
                <![CDATA[firefox]]>
              </value>
            </param>
          </params>
          <reporter-output>
          </reporter-output>
        </test-method> <!-- tearUp -->
        <test-method status="FAIL" signature="test_2()[pri:0, instance:com.framework.smoke.TestCase2@4ba534b0]" name="test_2" duration-ms="63791" started-at="2020-01-01T05:42:18Z" description="test demo 2" finished-at="2020-01-01T05:43:22Z">
          <exception class="java.lang.AssertionError">
            <message>
              <![CDATA[Logo isn't displayed expected [true] but found [false]]]>
            </message>
            <full-stacktrace>
              <![CDATA[java.lang.AssertionError: Logo isn't displayed expected [true] but found [false]
at org.testng.Assert.fail(Assert.java:96)
at org.testng.Assert.failNotEquals(Assert.java:776)
at org.testng.Assert.assertTrue(Assert.java:44)
at com.framework.smoke.TestCase2.test_2(TestCase2.java:24)
at sun.reflect.NativeMethodAccessorImpl.invoke0(Native Method)
at sun.reflect.NativeMethodAccessorImpl.invoke(NativeMethodAccessorImpl.java:62)
at sun.reflect.DelegatingMethodAccessorImpl.invoke(DelegatingMethodAccessorImpl.java:43)
at java.lang.reflect.Method.invoke(Method.java:498)
at org.testng.internal.MethodInvocationHelper.invokeMethod(MethodInvocationHelper.java:124)
at org.testng.internal.Invoker.invokeMethod(Invoker.java:583)
at org.testng.internal.Invoker.invokeTestMethod(Invoker.java:719)
at org.testng.internal.Invoker.invokeTestMethods(Invoker.java:989)
at org.testng.internal.TestMethodWorker.invokeTestMethods(TestMethodWorker.java:125)
at org.testng.internal.TestMethodWorker.run(TestMethodWorker.java:109)
at org.testng.TestRunner.privateRun(TestRunner.java:648)
at org.testng.TestRunner.run(TestRunner.java:505)
at org.testng.SuiteRunner.runTest(SuiteRunner.java:455)
at org.testng.SuiteRunner.access$000(SuiteRunner.java:40)
at org.testng.SuiteRunner$SuiteWorker.run(SuiteRunner.java:489)
at org.testng.internal.thread.ThreadUtil$1.call(ThreadUtil.java:52)
at java.util.concurrent.FutureTask.run(FutureTask.java:266)
at java.util.concurrent.ThreadPoolExecutor.runWorker(ThreadPoolExecutor.java:1149)
at java.util.concurrent.ThreadPoolExecutor$Worker.run(ThreadPoolExecutor.java:624)
at java.lang.Thread.run(Thread.java:748)
]]>
            </full-stacktrace>
          </exception> <!-- java.lang.AssertionError -->
          <reporter-output>
          </reporter-output>
        </test-method> <!-- test_2 -->
        <test-method status="PASS" signature="tearDown()[pri:0, instance:com.framework.smoke.TestCase2@4ba534b0]" name="tearDown" is-config="true" duration-ms="8612" started-at="2020-01-01T05:43:24Z" finished-at="2020-01-01T05:43:32Z">
          <reporter-output>
          </reporter-output>
        </test-method> <!-- tearDown -->
        <test-method status="PASS" signature="showAllureReport()[pri:0, instance:com.framework.smoke.TestCase2@4ba534b0]" name="showAllureReport" is-config="true" duration-ms="10156" started-at="2020-01-01T05:44:55Z" finished-at="2020-01-01T05:45:05Z">
          <reporter-output>
          </reporter-output>
        </test-method> <!-- showAllureReport -->
      </class> <!-- com.framework.smoke.TestCase2 -->
    </test> <!-- firefox_Test  -->
  </suite> <!-- Test Suite - framework -->
</testng-results>
