<?xml version="1.0" encoding="UTF-8"?>
<!-- Generated by org.testng.reporters.JUnitXMLReporter -->
<testsuite hostname="WKWIN1197952" ignored="2" name="firefox_Test " tests="2" failures="1" timestamp="01 Jan 2020 05:44:55 GMT" time="171.26" errors="0">
  <testcase name="test_2" time="63.791" classname="com.framework.smoke.TestCase2">
    <failure type="java.lang.AssertionError" message="Logo isn&amp;apos;t displayed expected [true] but found [false]">
      <![CDATA[java.lang.AssertionError: Logo isn't displayed expected [true] but found [false]
at com.framework.smoke.TestCase2.test_2(TestCase2.java:24)
at java.util.concurrent.FutureTask.run(FutureTask.java:266)
at java.util.concurrent.ThreadPoolExecutor.runWorker(ThreadPoolExecutor.java:1149)
at java.util.concurrent.ThreadPoolExecutor$Worker.run(ThreadPoolExecutor.java:624)
at java.lang.Thread.run(Thread.java:748)
... Removed 19 stack frames]]>
    </failure>
  </testcase> <!-- test_2 -->
  <testcase name="test_1" time="63.953" classname="com.framework.smoke.TestCase1"/>
  <testcase name="@AfterSuite showAllureReport" time="0.0" classname="com.framework.testbase.Hooks">
    <ignored/>
  </testcase> <!-- @AfterSuite showAllureReport -->
  <testcase name="@BeforeSuite setAllureEnvironment" time="0.0" classname="com.framework.testbase.Hooks">
    <ignored/>
  </testcase> <!-- @BeforeSuite setAllureEnvironment -->
</testsuite> <!-- firefox_Test  -->
